<?xml version="1.0" encoding="UTF-8"?>
<testng-results ignored="0" total="1" passed="1" failed="0" skipped="0">
  <reporter-output>
    <line>
      <![CDATA[hello selenium]]>
    </line>
    <line>
      <![CDATA[hello java]]>
    </line>
  </reporter-output>
  <suite started-at="2021-12-03T08:40:23 IST" name="Default suite" finished-at="2021-12-03T08:40:23 IST" duration-ms="37">
    <groups>
    </groups>
    <test started-at="2021-12-03T08:40:23 IST" name="Default test" finished-at="2021-12-03T08:40:23 IST" duration-ms="37">
      <class name="testng.Test0">
        <test-method signature="demo()[pri:0, instance:testng.Test0@7f010382]" started-at="2021-12-03T08:40:23 IST" name="demo" finished-at="2021-12-03T08:40:23 IST" duration-ms="6" status="PASS">
          <reporter-output>
            <line>
              <![CDATA[hello selenium]]>
            </line>
            <line>
              <![CDATA[hello java]]>
            </line>
          </reporter-output>
        </test-method> <!-- demo -->
      </class> <!-- testng.Test0 -->
    </test> <!-- Default test -->
  </suite> <!-- Default suite -->
</testng-results>
